{"contracts/IERC20.sol":{"l":{},"path":"/Users/vm06007/Development/sol-farms/contracts/IERC20.sol","s":{},"b":{},"f":{},"fnMap":{},"statementMap":{},"branchMap":{}},"contracts/SafeERC20.sol":{"l":{"19":8,"40":56,"57":64,"62":64,"67":64,"68":64},"path":"/Users/vm06007/Development/sol-farms/contracts/SafeERC20.sol","s":{"1":8,"2":56,"3":64,"4":64,"5":64,"6":64},"b":{"1":[64,0],"2":[64,0],"3":[64,0]},"f":{"1":8,"2":56,"3":64},"fnMap":{"1":{"name":"safeTransfer","line":12,"loc":{"start":{"line":12,"column":4},"end":{"line":27,"column":4}}},"2":{"name":"safeTransferFrom","line":32,"loc":{"start":{"line":32,"column":4},"end":{"line":49,"column":4}}},"3":{"name":"callOptionalReturn","line":51,"loc":{"start":{"line":51,"column":4},"end":{"line":73,"column":4}}}},"statementMap":{"1":{"start":{"line":19,"column":8},"end":{"line":19,"column":319}},"2":{"start":{"line":40,"column":8},"end":{"line":40,"column":742}},"3":{"start":{"line":57,"column":8},"end":{"line":57,"column":1113}},"4":{"start":{"line":62,"column":8},"end":{"line":62,"column":1196}},"5":{"start":{"line":67,"column":8},"end":{"line":67,"column":1283}},"6":{"start":{"line":68,"column":12},"end":{"line":68,"column":1328}}},"branchMap":{"1":{"line":62,"type":"if","locations":[{"start":{"line":62,"column":8},"end":{"line":62,"column":8}},{"start":{"line":62,"column":8},"end":{"line":62,"column":8}}]},"2":{"line":67,"type":"if","locations":[{"start":{"line":67,"column":8},"end":{"line":67,"column":8}},{"start":{"line":67,"column":8},"end":{"line":67,"column":8}}]},"3":{"line":68,"type":"if","locations":[{"start":{"line":68,"column":12},"end":{"line":68,"column":12}},{"start":{"line":68,"column":12},"end":{"line":68,"column":12}}]}}},"contracts/SimpleFarm.sol":{"l":{"28":11,"32":5,"36":35,"40":33,"44":74,"45":74,"46":74,"50":50,"51":50,"52":50,"100":65,"105":63,"106":63,"108":63,"109":63,"111":63,"122":154,"135":144,"136":64,"139":80,"142":80,"147":80,"161":70,"164":70,"180":38,"182":38,"187":38,"194":38,"210":8,"211":6,"217":4,"219":4,"224":4,"230":4,"242":3,"246":3,"250":1,"262":4,"264":4,"268":4,"273":2,"275":2,"281":2,"296":3,"298":3,"309":6,"314":2,"316":2,"330":2,"332":2,"347":5,"348":2,"351":3,"352":2,"355":1,"361":1,"377":9,"382":7,"387":5,"389":5,"405":24,"410":22,"415":20,"417":20,"418":20,"421":20,"423":3,"428":1,"431":1,"434":1,"441":18,"443":18,"446":18,"453":18},"path":"/Users/vm06007/Development/sol-farms/contracts/SimpleFarm.sol","s":{"1":11,"2":35,"3":74,"4":74,"5":50,"6":50,"7":65,"8":63,"9":63,"10":63,"11":63,"12":63,"13":154,"14":144,"15":64,"16":80,"17":80,"18":80,"19":70,"20":70,"21":38,"22":38,"23":38,"24":38,"25":8,"26":6,"27":4,"28":4,"29":4,"30":4,"31":3,"32":3,"33":1,"34":4,"35":4,"36":4,"37":2,"38":2,"39":2,"40":3,"41":3,"42":6,"43":2,"44":2,"45":2,"46":2,"47":5,"48":2,"49":3,"50":2,"51":1,"52":1,"53":9,"54":7,"55":5,"56":5,"57":24,"58":22,"59":20,"60":20,"61":20,"62":20,"63":3,"64":1,"65":1,"66":1,"67":18,"68":18,"69":18,"70":18},"b":{"1":[5,6],"2":[33,2],"3":[63,2],"4":[64,80],"5":[6,2],"6":[2,4],"7":[2,2],"8":[2,4],"9":[2,3],"10":[2,1],"11":[7,2],"12":[5,2],"13":[22,2],"14":[20,2],"15":[3,17],"16":[1,2]},"f":{"1":11,"2":35,"3":74,"4":50,"5":65,"6":154,"7":144,"8":70,"9":38,"10":8,"11":3,"12":4,"13":3,"14":6,"15":2,"16":5,"17":9,"18":24},"fnMap":{"1":{"name":"onlyOwner","line":27,"loc":{"start":{"line":27,"column":4},"end":{"line":33,"column":4}}},"2":{"name":"onlyManager","line":35,"loc":{"start":{"line":35,"column":4},"end":{"line":41,"column":4}}},"3":{"name":"updateFarm","line":43,"loc":{"start":{"line":43,"column":4},"end":{"line":47,"column":4}}},"4":{"name":"updateUser","line":49,"loc":{"start":{"line":49,"column":4},"end":{"line":53,"column":4}}},"5":{"name":"constructor","line":95,"loc":{"start":{"line":95,"column":4},"end":{"line":112,"column":4}}},"6":{"name":"lastTimeRewardApplicable","line":117,"loc":{"start":{"line":117,"column":4},"end":{"line":125,"column":4}}},"7":{"name":"rewardPerToken","line":130,"loc":{"start":{"line":130,"column":4},"end":{"line":149,"column":4}}},"8":{"name":"earned","line":154,"loc":{"start":{"line":154,"column":4},"end":{"line":168,"column":4}}},"9":{"name":"farmDeposit","line":178,"loc":{"start":{"line":173,"column":4},"end":{"line":198,"column":4}}},"10":{"name":"farmWithdraw","line":208,"loc":{"start":{"line":203,"column":4},"end":{"line":234,"column":4}}},"11":{"name":"exitFarm","line":239,"loc":{"start":{"line":239,"column":4},"end":{"line":251,"column":4}}},"12":{"name":"claimReward","line":259,"loc":{"start":{"line":256,"column":4},"end":{"line":285,"column":4}}},"13":{"name":"proposeNewOwner","line":294,"loc":{"start":{"line":290,"column":4},"end":{"line":301,"column":4}}},"14":{"name":"claimOwnership","line":306,"loc":{"start":{"line":306,"column":4},"end":{"line":319,"column":4}}},"15":{"name":"changeManager","line":328,"loc":{"start":{"line":324,"column":4},"end":{"line":335,"column":4}}},"16":{"name":"recoverToken","line":341,"loc":{"start":{"line":341,"column":4},"end":{"line":365,"column":4}}},"17":{"name":"setRewardDuration","line":375,"loc":{"start":{"line":371,"column":4},"end":{"line":392,"column":4}}},"18":{"name":"setRewardRate","line":403,"loc":{"start":{"line":398,"column":4},"end":{"line":456,"column":4}}}},"statementMap":{"1":{"start":{"line":28,"column":8},"end":{"line":28,"column":682}},"2":{"start":{"line":36,"column":8},"end":{"line":36,"column":837}},"3":{"start":{"line":44,"column":8},"end":{"line":44,"column":40}},"4":{"start":{"line":45,"column":8},"end":{"line":45,"column":50}},"5":{"start":{"line":50,"column":8},"end":{"line":50,"column":51}},"6":{"start":{"line":51,"column":8},"end":{"line":51,"column":48}},"7":{"start":{"line":100,"column":8},"end":{"line":100,"column":2037}},"8":{"start":{"line":105,"column":8},"end":{"line":105,"column":31}},"9":{"start":{"line":106,"column":8},"end":{"line":106,"column":33}},"10":{"start":{"line":108,"column":8},"end":{"line":108,"column":32}},"11":{"start":{"line":109,"column":8},"end":{"line":109,"column":34}},"12":{"start":{"line":111,"column":8},"end":{"line":111,"column":40}},"13":{"start":{"line":122,"column":8},"end":{"line":122,"column":2543}},"14":{"start":{"line":135,"column":8},"end":{"line":135,"column":2805}},"15":{"start":{"line":136,"column":12},"end":{"line":136,"column":33}},"16":{"start":{"line":139,"column":8},"end":{"line":139,"column":2904}},"17":{"start":{"line":142,"column":8},"end":{"line":142,"column":2988}},"18":{"start":{"line":147,"column":8},"end":{"line":147,"column":3101}},"19":{"start":{"line":161,"column":8},"end":{"line":161,"column":3386}},"20":{"start":{"line":164,"column":8},"end":{"line":164,"column":3476}},"21":{"start":{"line":180,"column":8},"end":{"line":180,"column":42}},"22":{"start":{"line":182,"column":8},"end":{"line":182,"column":3829}},"23":{"start":{"line":187,"column":8},"end":{"line":187,"column":3909}},"24":{"start":{"line":194,"column":8},"end":{"line":194,"column":4051}},"25":{"start":{"line":210,"column":8},"end":{"line":210,"column":4347}},"26":{"start":{"line":211,"column":12},"end":{"line":211,"column":4403}},"27":{"start":{"line":217,"column":8},"end":{"line":217,"column":42}},"28":{"start":{"line":219,"column":8},"end":{"line":219,"column":4579}},"29":{"start":{"line":224,"column":8},"end":{"line":224,"column":4665}},"30":{"start":{"line":230,"column":8},"end":{"line":230,"column":4779}},"31":{"start":{"line":242,"column":8},"end":{"line":242,"column":5002}},"32":{"start":{"line":246,"column":8},"end":{"line":246,"column":5080}},"33":{"start":{"line":250,"column":8},"end":{"line":250,"column":20}},"34":{"start":{"line":262,"column":8},"end":{"line":262,"column":42}},"35":{"start":{"line":264,"column":8},"end":{"line":264,"column":5420}},"36":{"start":{"line":268,"column":8},"end":{"line":268,"column":5489}},"37":{"start":{"line":273,"column":8},"end":{"line":273,"column":37}},"38":{"start":{"line":275,"column":8},"end":{"line":275,"column":5632}},"39":{"start":{"line":281,"column":8},"end":{"line":281,"column":5744}},"40":{"start":{"line":296,"column":8},"end":{"line":296,"column":32}},"41":{"start":{"line":298,"column":8},"end":{"line":298,"column":6046}},"42":{"start":{"line":309,"column":8},"end":{"line":309,"column":6234}},"43":{"start":{"line":314,"column":8},"end":{"line":314,"column":35}},"44":{"start":{"line":316,"column":8},"end":{"line":316,"column":6388}},"45":{"start":{"line":330,"column":8},"end":{"line":330,"column":35}},"46":{"start":{"line":332,"column":8},"end":{"line":332,"column":6665}},"47":{"start":{"line":347,"column":8},"end":{"line":347,"column":6971}},"48":{"start":{"line":348,"column":12},"end":{"line":348,"column":46}},"49":{"start":{"line":351,"column":8},"end":{"line":351,"column":7073}},"50":{"start":{"line":352,"column":12},"end":{"line":352,"column":46}},"51":{"start":{"line":355,"column":8},"end":{"line":355,"column":7176}},"52":{"start":{"line":361,"column":8},"end":{"line":361,"column":7287}},"53":{"start":{"line":377,"column":8},"end":{"line":377,"column":7627}},"54":{"start":{"line":382,"column":8},"end":{"line":382,"column":7732}},"55":{"start":{"line":387,"column":8},"end":{"line":387,"column":39}},"56":{"start":{"line":389,"column":8},"end":{"line":389,"column":7898}},"57":{"start":{"line":405,"column":8},"end":{"line":405,"column":8248}},"58":{"start":{"line":410,"column":8},"end":{"line":410,"column":8344}},"59":{"start":{"line":415,"column":8},"end":{"line":415,"column":52}},"60":{"start":{"line":417,"column":8},"end":{"line":417,"column":39}},"61":{"start":{"line":418,"column":8},"end":{"line":418,"column":8560}},"62":{"start":{"line":421,"column":8},"end":{"line":421,"column":8613}},"63":{"start":{"line":423,"column":12},"end":{"line":423,"column":8675}},"64":{"start":{"line":428,"column":12},"end":{"line":428,"column":8828}},"65":{"start":{"line":431,"column":12},"end":{"line":431,"column":8915}},"66":{"start":{"line":434,"column":12},"end":{"line":434,"column":8980}},"67":{"start":{"line":441,"column":8},"end":{"line":441,"column":34}},"68":{"start":{"line":443,"column":8},"end":{"line":443,"column":9173}},"69":{"start":{"line":446,"column":8},"end":{"line":446,"column":9233}},"70":{"start":{"line":453,"column":8},"end":{"line":453,"column":9380}}},"branchMap":{"1":{"line":28,"type":"if","locations":[{"start":{"line":28,"column":8},"end":{"line":28,"column":8}},{"start":{"line":28,"column":8},"end":{"line":28,"column":8}}]},"2":{"line":36,"type":"if","locations":[{"start":{"line":36,"column":8},"end":{"line":36,"column":8}},{"start":{"line":36,"column":8},"end":{"line":36,"column":8}}]},"3":{"line":100,"type":"if","locations":[{"start":{"line":100,"column":8},"end":{"line":100,"column":8}},{"start":{"line":100,"column":8},"end":{"line":100,"column":8}}]},"4":{"line":135,"type":"if","locations":[{"start":{"line":135,"column":8},"end":{"line":135,"column":8}},{"start":{"line":135,"column":8},"end":{"line":135,"column":8}}]},"5":{"line":210,"type":"if","locations":[{"start":{"line":210,"column":8},"end":{"line":210,"column":8}},{"start":{"line":210,"column":8},"end":{"line":210,"column":8}}]},"6":{"line":211,"type":"if","locations":[{"start":{"line":211,"column":12},"end":{"line":211,"column":12}},{"start":{"line":211,"column":12},"end":{"line":211,"column":12}}]},"7":{"line":268,"type":"if","locations":[{"start":{"line":268,"column":8},"end":{"line":268,"column":8}},{"start":{"line":268,"column":8},"end":{"line":268,"column":8}}]},"8":{"line":309,"type":"if","locations":[{"start":{"line":309,"column":8},"end":{"line":309,"column":8}},{"start":{"line":309,"column":8},"end":{"line":309,"column":8}}]},"9":{"line":347,"type":"if","locations":[{"start":{"line":347,"column":8},"end":{"line":347,"column":8}},{"start":{"line":347,"column":8},"end":{"line":347,"column":8}}]},"10":{"line":351,"type":"if","locations":[{"start":{"line":351,"column":8},"end":{"line":351,"column":8}},{"start":{"line":351,"column":8},"end":{"line":351,"column":8}}]},"11":{"line":377,"type":"if","locations":[{"start":{"line":377,"column":8},"end":{"line":377,"column":8}},{"start":{"line":377,"column":8},"end":{"line":377,"column":8}}]},"12":{"line":382,"type":"if","locations":[{"start":{"line":382,"column":8},"end":{"line":382,"column":8}},{"start":{"line":382,"column":8},"end":{"line":382,"column":8}}]},"13":{"line":405,"type":"if","locations":[{"start":{"line":405,"column":8},"end":{"line":405,"column":8}},{"start":{"line":405,"column":8},"end":{"line":405,"column":8}}]},"14":{"line":410,"type":"if","locations":[{"start":{"line":410,"column":8},"end":{"line":410,"column":8}},{"start":{"line":410,"column":8},"end":{"line":410,"column":8}}]},"15":{"line":421,"type":"if","locations":[{"start":{"line":421,"column":8},"end":{"line":421,"column":8}},{"start":{"line":421,"column":8},"end":{"line":421,"column":8}}]},"16":{"line":423,"type":"if","locations":[{"start":{"line":423,"column":12},"end":{"line":423,"column":12}},{"start":{"line":423,"column":12},"end":{"line":423,"column":12}}]}}},"contracts/TestToken.sol":{"l":{"30":123,"31":123,"32":123,"40":0,"48":0,"56":0,"64":0,"74":7,"84":11,"90":11,"100":67,"103":67,"106":67,"121":56,"127":56,"133":56,"144":0,"154":74,"160":74,"170":130,"172":130,"184":6,"187":6,"190":6,"203":0,"208":0,"211":0,"214":0,"226":0,"229":0,"232":0,"244":215,"252":1},"path":"/Users/vm06007/Development/sol-farms/contracts/TestToken.sol","s":{"1":123,"2":123,"3":123,"4":0,"5":0,"6":0,"7":0,"8":7,"9":11,"10":11,"11":67,"12":67,"13":67,"14":56,"15":56,"16":56,"17":0,"18":74,"19":74,"20":130,"21":130,"22":6,"23":6,"24":6,"25":0,"26":0,"27":0,"28":0,"29":0,"30":0,"31":0,"32":215,"33":1},"b":{"1":[0,0]},"f":{"1":123,"2":0,"3":0,"4":0,"5":0,"6":7,"7":11,"8":67,"9":56,"10":0,"11":74,"12":130,"13":6,"14":0,"15":0,"16":215,"17":1},"fnMap":{"1":{"name":"constructor","line":29,"loc":{"start":{"line":29,"column":4},"end":{"line":33,"column":4}}},"2":{"name":"name","line":35,"loc":{"start":{"line":35,"column":4},"end":{"line":41,"column":4}}},"3":{"name":"symbol","line":43,"loc":{"start":{"line":43,"column":4},"end":{"line":49,"column":4}}},"4":{"name":"decimals","line":51,"loc":{"start":{"line":51,"column":4},"end":{"line":57,"column":4}}},"5":{"name":"totalSupply","line":59,"loc":{"start":{"line":59,"column":4},"end":{"line":65,"column":4}}},"6":{"name":"balanceOf","line":67,"loc":{"start":{"line":67,"column":4},"end":{"line":75,"column":4}}},"7":{"name":"transfer","line":77,"loc":{"start":{"line":77,"column":4},"end":{"line":91,"column":4}}},"8":{"name":"_transfer","line":93,"loc":{"start":{"line":93,"column":4},"end":{"line":111,"column":4}}},"9":{"name":"transferFrom","line":113,"loc":{"start":{"line":113,"column":4},"end":{"line":134,"column":4}}},"10":{"name":"allowance","line":136,"loc":{"start":{"line":136,"column":4},"end":{"line":145,"column":4}}},"11":{"name":"approve","line":147,"loc":{"start":{"line":147,"column":4},"end":{"line":161,"column":4}}},"12":{"name":"_approve","line":163,"loc":{"start":{"line":163,"column":4},"end":{"line":177,"column":4}}},"13":{"name":"mint","line":179,"loc":{"start":{"line":179,"column":4},"end":{"line":195,"column":4}}},"14":{"name":"mintByMaster","line":197,"loc":{"start":{"line":197,"column":4},"end":{"line":219,"column":4}}},"15":{"name":"burn","line":221,"loc":{"start":{"line":221,"column":4},"end":{"line":237,"column":4}}},"16":{"name":"_msgSender","line":239,"loc":{"start":{"line":239,"column":4},"end":{"line":245,"column":4}}},"17":{"name":"timestamp","line":247,"loc":{"start":{"line":247,"column":4},"end":{"line":253,"column":4}}}},"statementMap":{"1":{"start":{"line":30,"column":8},"end":{"line":30,"column":26}},"2":{"start":{"line":31,"column":8},"end":{"line":31,"column":56}},"3":{"start":{"line":32,"column":8},"end":{"line":32,"column":43}},"4":{"start":{"line":40,"column":8},"end":{"line":40,"column":20}},"5":{"start":{"line":48,"column":8},"end":{"line":48,"column":22}},"6":{"start":{"line":56,"column":8},"end":{"line":56,"column":24}},"7":{"start":{"line":64,"column":8},"end":{"line":64,"column":27}},"8":{"start":{"line":74,"column":8},"end":{"line":74,"column":34}},"9":{"start":{"line":84,"column":8},"end":{"line":84,"column":1556}},"10":{"start":{"line":90,"column":8},"end":{"line":90,"column":19}},"11":{"start":{"line":100,"column":8},"end":{"line":100,"column":1842}},"12":{"start":{"line":103,"column":8},"end":{"line":103,"column":1913}},"13":{"start":{"line":106,"column":8},"end":{"line":106,"column":1958}},"14":{"start":{"line":121,"column":8},"end":{"line":121,"column":2219}},"15":{"start":{"line":127,"column":8},"end":{"line":127,"column":2353}},"16":{"start":{"line":133,"column":8},"end":{"line":133,"column":19}},"17":{"start":{"line":144,"column":8},"end":{"line":144,"column":44}},"18":{"start":{"line":154,"column":8},"end":{"line":154,"column":2795}},"19":{"start":{"line":160,"column":8},"end":{"line":160,"column":19}},"20":{"start":{"line":170,"column":8},"end":{"line":170,"column":46}},"21":{"start":{"line":172,"column":8},"end":{"line":172,"column":3098}},"22":{"start":{"line":184,"column":8},"end":{"line":184,"column":3304}},"23":{"start":{"line":187,"column":8},"end":{"line":187,"column":3371}},"24":{"start":{"line":190,"column":8},"end":{"line":190,"column":3407}},"25":{"start":{"line":203,"column":8},"end":{"line":203,"column":3623}},"26":{"start":{"line":208,"column":8},"end":{"line":208,"column":3752}},"27":{"start":{"line":211,"column":8},"end":{"line":211,"column":3815}},"28":{"start":{"line":214,"column":8},"end":{"line":214,"column":3851}},"29":{"start":{"line":226,"column":8},"end":{"line":226,"column":4061}},"30":{"start":{"line":229,"column":8},"end":{"line":229,"column":4128}},"31":{"start":{"line":232,"column":8},"end":{"line":232,"column":4164}},"32":{"start":{"line":244,"column":8},"end":{"line":244,"column":25}},"33":{"start":{"line":252,"column":8},"end":{"line":252,"column":30}}},"branchMap":{"1":{"line":203,"type":"if","locations":[{"start":{"line":203,"column":8},"end":{"line":203,"column":8}},{"start":{"line":203,"column":8},"end":{"line":203,"column":8}}]}}},"contracts/TokenWrapper.sol":{"l":{"38":3,"51":22,"63":38,"66":38,"67":38,"81":4,"82":4,"86":4,"100":5,"106":3,"119":7,"122":5,"123":5,"127":5,"145":6,"146":6,"149":2,"155":2,"168":3,"174":3,"188":1,"201":3,"203":3,"220":0,"226":0,"239":0,"245":0},"path":"/Users/vm06007/Development/sol-farms/contracts/TokenWrapper.sol","s":{"1":3,"2":22,"3":38,"4":38,"5":4,"6":4,"7":5,"8":3,"9":7,"10":5,"11":5,"12":6,"13":6,"14":2,"15":2,"16":3,"17":3,"18":1,"19":3,"20":3,"21":0,"22":0,"23":0,"24":0},"b":{"1":[6,0]},"f":{"1":3,"2":22,"3":38,"4":4,"5":5,"6":7,"7":6,"8":3,"9":1,"10":3,"11":0,"12":0},"fnMap":{"1":{"name":"totalSupply","line":33,"loc":{"start":{"line":33,"column":4},"end":{"line":39,"column":4}}},"2":{"name":"balanceOf","line":44,"loc":{"start":{"line":44,"column":4},"end":{"line":52,"column":4}}},"3":{"name":"_stake","line":57,"loc":{"start":{"line":57,"column":4},"end":{"line":70,"column":4}}},"4":{"name":"_withdraw","line":75,"loc":{"start":{"line":75,"column":4},"end":{"line":88,"column":4}}},"5":{"name":"transfer","line":93,"loc":{"start":{"line":93,"column":4},"end":{"line":107,"column":4}}},"6":{"name":"_transfer","line":112,"loc":{"start":{"line":112,"column":4},"end":{"line":132,"column":4}}},"7":{"name":"transferFrom","line":137,"loc":{"start":{"line":137,"column":4},"end":{"line":156,"column":4}}},"8":{"name":"approve","line":161,"loc":{"start":{"line":161,"column":4},"end":{"line":175,"column":4}}},"9":{"name":"allowance","line":180,"loc":{"start":{"line":180,"column":4},"end":{"line":189,"column":4}}},"10":{"name":"_approve","line":194,"loc":{"start":{"line":194,"column":4},"end":{"line":208,"column":4}}},"11":{"name":"increaseAllowance","line":213,"loc":{"start":{"line":213,"column":4},"end":{"line":227,"column":4}}},"12":{"name":"decreaseAllowance","line":232,"loc":{"start":{"line":232,"column":4},"end":{"line":246,"column":4}}}},"statementMap":{"1":{"start":{"line":38,"column":8},"end":{"line":38,"column":27}},"2":{"start":{"line":51,"column":8},"end":{"line":51,"column":40}},"3":{"start":{"line":63,"column":8},"end":{"line":63,"column":1243}},"4":{"start":{"line":67,"column":12},"end":{"line":67,"column":1334}},"5":{"start":{"line":82,"column":12},"end":{"line":82,"column":1602}},"6":{"start":{"line":86,"column":8},"end":{"line":86,"column":1675}},"7":{"start":{"line":100,"column":8},"end":{"line":100,"column":1912}},"8":{"start":{"line":106,"column":8},"end":{"line":106,"column":19}},"9":{"start":{"line":119,"column":8},"end":{"line":119,"column":2257}},"10":{"start":{"line":123,"column":12},"end":{"line":123,"column":2356}},"11":{"start":{"line":127,"column":8},"end":{"line":127,"column":2411}},"12":{"start":{"line":145,"column":8},"end":{"line":145,"column":2752}},"13":{"start":{"line":146,"column":12},"end":{"line":146,"column":54}},"14":{"start":{"line":149,"column":8},"end":{"line":149,"column":2889}},"15":{"start":{"line":155,"column":8},"end":{"line":155,"column":19}},"16":{"start":{"line":168,"column":8},"end":{"line":168,"column":3229}},"17":{"start":{"line":174,"column":8},"end":{"line":174,"column":19}},"18":{"start":{"line":188,"column":8},"end":{"line":188,"column":44}},"19":{"start":{"line":201,"column":8},"end":{"line":201,"column":46}},"20":{"start":{"line":203,"column":8},"end":{"line":203,"column":3902}},"21":{"start":{"line":220,"column":8},"end":{"line":220,"column":4232}},"22":{"start":{"line":226,"column":8},"end":{"line":226,"column":19}},"23":{"start":{"line":239,"column":8},"end":{"line":239,"column":4629}},"24":{"start":{"line":245,"column":8},"end":{"line":245,"column":19}}},"branchMap":{"1":{"line":145,"type":"if","locations":[{"start":{"line":145,"column":8},"end":{"line":145,"column":8}},{"start":{"line":145,"column":8},"end":{"line":145,"column":8}}]}}}}