TN:
SF:contracts/CommonNFT.sol
FN:24,CommonNFT.isMinted
FNDA:6,CommonNFT.isMinted
DA:31,6
FN:34,CommonNFT.ownedByAddress
FNDA:2,CommonNFT.ownedByAddress
DA:41,2
DA:45,2
DA:49,2
DA:51,4
DA:53,2
DA:59,2
DA:63,2
FNF:2
FNH:2
LF:8
LH:8
BRF:0
BRH:0
end_of_record
TN:
SF:contracts/CommonVRF.sol
FN:94,CommonVRF._createNewSubscription
FNDA:0,CommonVRF._createNewSubscription
DA:98,0
DA:100,0
FN:106,CommonVRF._requestRandomWords
FNDA:14,CommonVRF._requestRandomWords
DA:112,14
FN:126,CommonVRF.loadSubscription
FNDA:0,CommonVRF.loadSubscription
DA:131,0
DA:136,0
FN:143,CommonVRF.changeBaseCost
FNDA:18,CommonVRF.changeBaseCost
DA:149,15
BRDA:149,0,0,3
BRDA:149,0,1,12
DA:150,3
DA:153,12
BRDA:153,1,0,6
BRDA:153,1,1,6
DA:154,6
DA:157,6
FN:164,CommonVRF.withdrawTokens
FNDA:1,CommonVRF.withdrawTokens
DA:171,1
DA:177,1
FN:188,CommonVRF.uniform
FNDA:2,CommonVRF.uniform
DA:196,57
DA:199,57
DA:202,57
BRDA:202,2,0,-
BRDA:202,2,1,57
DA:203,57
DA:206,0
DA:215,57
FNF:6
FNH:4
LF:18
LH:13
BRF:6
BRH:5
end_of_record
TN:
SF:contracts/ReelNFT.sol
FN:20,ReelNFT.tokenURI
FNDA:2,ReelNFT.tokenURI
DA:28,2
BRDA:28,0,0,1
BRDA:28,0,1,1
DA:29,1
DA:32,1
DA:34,1
FN:56,ReelNFT._getTraitTier
FNDA:6,ReelNFT._getTraitTier
DA:63,6
DA:64,6
DA:66,41
DA:68,41
DA:70,41
BRDA:70,1,0,6
BRDA:70,1,1,35
DA:71,6
DA:72,6
DA:76,35
FN:81,ReelNFT.getTraits
FNDA:1,ReelNFT.getTraits
DA:89,1
DA:93,1
DA:97,1
DA:98,1
DA:100,7
DA:101,6
DA:105,6
DA:109,1
FN:112,ReelNFT._increaseCharacterId
FNDA:7,ReelNFT._increaseCharacterId
DA:117,7
FNF:4
FNH:4
LF:21
LH:21
BRF:4
BRH:4
end_of_record
TN:
SF:contracts/ReelVRF.sol
FN:62,ReelVRF.buyCharacter
FNDA:5,ReelVRF.buyCharacter
DA:66,5
DA:71,5
FN:76,ReelVRF.giftCharacter
FNDA:1,ReelVRF.giftCharacter
DA:82,1
DA:87,1
FN:97,ReelVRF.giftForFree
FNDA:2,ReelVRF.giftForFree
DA:103,2
DA:104,2
DA:106,2
BRDA:106,0,0,1
BRDA:106,0,1,1
DA:107,1
DA:110,2
DA:112,1
DA:117,1
FN:122,ReelVRF.rerollTrait
FNDA:4,ReelVRF.rerollTrait
DA:130,3
BRDA:130,1,0,1
BRDA:130,1,1,2
DA:131,1
DA:134,2
BRDA:134,2,0,-
BRDA:134,2,1,2
DA:135,0
DA:138,2
BRDA:138,3,0,1
BRDA:138,3,1,1
DA:139,1
DA:142,1
DA:144,1
DA:149,1
FN:156,ReelVRF.setRerollCost
FNDA:2,ReelVRF.setRerollCost
DA:162,1
DA:164,1
FN:169,ReelVRF._mintCharacter
FNDA:7,ReelVRF._mintCharacter
DA:174,7
DA:176,7
DA:181,7
FN:188,ReelVRF._startRequest
FNDA:8,ReelVRF._startRequest
DA:195,8
DA:199,8
DA:201,8
DA:207,8
DA:208,8
DA:210,8
FN:217,ReelVRF.fulfillRandomWords
FNDA:8,ReelVRF.fulfillRandomWords
DA:224,8
DA:228,8
FN:240,ReelVRF._initialMint
FNDA:7,ReelVRF._initialMint
DA:247,7
DA:248,7
DA:252,49
DA:253,42
DA:258,42
DA:262,7
DA:266,7
FN:273,ReelVRF._rerollTrait
FNDA:1,ReelVRF._rerollTrait
DA:279,1
DA:284,1
DA:290,1
DA:294,1
FN:302,ReelVRF._updateTrait
FNDA:1,ReelVRF._updateTrait
DA:309,1
FN:312,ReelVRF._increaseDrawId
FNDA:8,ReelVRF._increaseDrawId
DA:317,8
FNF:12
FNH:12
LF:46
LH:45
BRF:8
BRH:7
end_of_record
TN:
SF:contracts/ScratchNFT.sol
FN:43,ScratchNFT._mintTicket
FNDA:6,ScratchNFT._mintTicket
DA:51,6
DA:52,6
DA:54,6
DA:59,6
FN:66,ScratchNFT.tokenURI
FNDA:2,ScratchNFT.tokenURI
DA:74,2
BRDA:74,0,0,1
BRDA:74,0,1,1
DA:75,1
DA:78,1
DA:79,1
DA:83,1
DA:87,1
FN:99,ScratchNFT._setClaimed
FNDA:5,ScratchNFT._setClaimed
DA:104,5
BRDA:104,1,0,1
BRDA:104,1,1,4
DA:105,1
DA:108,4
DA:110,4
FNF:3
FNH:3
LF:14
LH:14
BRF:4
BRH:4
end_of_record
TN:
SF:contracts/ScratchVRF.sol
FN:40,ScratchVRF.buyScratchTicket
FNDA:4,ScratchVRF.buyScratchTicket
DA:44,4
FN:53,ScratchVRF.giftScratchTicket
FNDA:1,ScratchVRF.giftScratchTicket
DA:59,1
FN:64,ScratchVRF._newScratchTicket
FNDA:5,ScratchVRF._newScratchTicket
DA:69,5
DA:74,5
FN:84,ScratchVRF.giftForFree
FNDA:2,ScratchVRF.giftForFree
DA:90,2
DA:91,2
DA:93,2
BRDA:93,0,0,1
BRDA:93,0,1,1
DA:94,1
DA:97,2
DA:99,1
DA:104,1
FN:109,ScratchVRF._drawTicketRequest
FNDA:6,ScratchVRF._drawTicketRequest
DA:114,6
DA:118,6
DA:120,6
DA:125,6
DA:126,6
DA:128,6
FN:140,ScratchVRF.fulfillRandomWords
FNDA:6,ScratchVRF.fulfillRandomWords
DA:147,6
DA:151,6
DA:156,6
DA:161,6
DA:165,6
DA:167,6
DA:174,6
FN:182,ScratchVRF._increaseLatestTicketId
FNDA:6,ScratchVRF._increaseLatestTicketId
DA:187,6
FN:191,ScratchVRF._increaseLatestDrawId
FNDA:6,ScratchVRF._increaseLatestDrawId
DA:196,6
FN:200,ScratchVRF._getPrizeTier
FNDA:6,ScratchVRF._getPrizeTier
DA:207,6
DA:208,6
DA:210,42
DA:212,42
DA:214,42
BRDA:214,1,0,6
BRDA:214,1,1,36
DA:215,6
DA:216,6
DA:220,36
FN:229,ScratchVRF.claimPrize
FNDA:7,ScratchVRF.claimPrize
DA:236,5
DA:240,4
DA:244,4
DA:248,4
BRDA:248,2,0,2
BRDA:248,2,1,2
DA:249,2
DA:252,2
DA:258,2
FNF:10
FNH:10
LF:41
LH:41
BRF:6
BRH:6
end_of_record
TN:
SF:contracts/helpers/Pausable.sol
FN:42,Pausable.pauseContract
FNDA:0,Pausable.pauseContract
DA:47,0
DA:49,0
FN:55,Pausable.unpauseContract
FNDA:0,Pausable.unpauseContract
DA:60,0
DA:62,0
FNF:2
FNH:0
LF:4
LH:0
BRF:0
BRH:0
end_of_record
TN:
SF:contracts/helpers/PrizeTiers.sol
FN:89,PrizeTiers.toWei
FNDA:256,PrizeTiers.toWei
DA:96,256
FNF:1
FNH:1
LF:1
LH:1
BRF:0
BRH:0
end_of_record
TN:
SF:contracts/helpers/TokenHelper.sol
FN:27,TokenHelper._giveTokens
FNDA:3,TokenHelper._giveTokens
DA:34,3
FN:44,TokenHelper._takeTokens
FNDA:12,TokenHelper._takeTokens
DA:50,12
FNF:2
FNH:2
LF:2
LH:2
BRF:0
BRH:0
end_of_record
