TN:
SF:contracts/Babylonian.sol
FN:7,Babylonian.sqrt
FNDA:0,Babylonian.sqrt
DA:14,0
BRDA:14,0,0,-
BRDA:14,0,1,-
DA:16,0
DA:17,0
DA:18,0
BRDA:18,1,0,-
BRDA:18,1,1,-
DA:19,0
DA:20,0
DA:22,0
BRDA:22,2,0,-
BRDA:22,2,1,-
DA:23,0
DA:24,0
DA:26,0
BRDA:26,3,0,-
BRDA:26,3,1,-
DA:27,0
DA:28,0
DA:30,0
BRDA:30,4,0,-
BRDA:30,4,1,-
DA:31,0
DA:32,0
DA:34,0
BRDA:34,5,0,-
BRDA:34,5,1,-
DA:35,0
DA:36,0
DA:38,0
BRDA:38,6,0,-
BRDA:38,6,1,-
DA:39,0
DA:40,0
DA:42,0
BRDA:42,7,0,-
BRDA:42,7,1,-
DA:43,0
DA:45,0
DA:46,0
DA:47,0
DA:48,0
DA:49,0
DA:50,0
DA:51,0
DA:53,0
DA:54,0
FNF:1
FNH:0
LF:32
LH:0
BRF:16
BRH:0
end_of_record
TN:
SF:contracts/CodeCheck.sol
FN:9,FarmCodeCheck.farmCodeHash
FNDA:0,FarmCodeCheck.farmCodeHash
DA:14,0
FNF:1
FNH:0
LF:1
LH:0
BRF:0
BRH:0
end_of_record
TN:
SF:contracts/Counter.sol
FN:10,Counter.setNumber
FNDA:258,Counter.setNumber
DA:15,258
FN:18,Counter.increment
FNDA:1,Counter.increment
DA:21,1
DA:23,1
FNF:2
FNH:2
LF:3
LH:3
BRF:0
BRH:0
end_of_record
TN:
SF:contracts/DummyToken.sol
FN:41,DummyToken.name
FNDA:0,DummyToken.name
DA:46,0
FN:49,DummyToken.symbol
FNDA:0,DummyToken.symbol
DA:54,0
FN:57,DummyToken.decimals
FNDA:0,DummyToken.decimals
DA:62,0
FN:65,DummyToken.totalSupply
FNDA:0,DummyToken.totalSupply
DA:70,0
FN:73,DummyToken.balanceOf
FNDA:230,DummyToken.balanceOf
DA:80,230
FN:83,DummyToken.transfer
FNDA:160,DummyToken.transfer
DA:90,160
DA:96,160
FN:99,DummyToken._transfer
FNDA:4339,DummyToken._transfer
DA:106,4339
DA:109,4339
DA:112,4339
FN:119,DummyToken.transferFrom
FNDA:4179,DummyToken.transferFrom
DA:127,4179
DA:133,4179
DA:139,4179
FN:142,DummyToken.allowance
FNDA:0,DummyToken.allowance
DA:150,0
FN:153,DummyToken.approve
FNDA:55,DummyToken.approve
DA:160,55
DA:166,55
FN:169,DummyToken._approve
FNDA:4234,DummyToken._approve
DA:176,4234
DA:178,4234
FN:185,DummyToken.mint
FNDA:0,DummyToken.mint
DA:190,0
DA:193,0
DA:196,0
FN:203,DummyToken.mintByMaster
FNDA:0,DummyToken.mintByMaster
DA:209,0
BRDA:209,0,0,-
BRDA:209,0,1,-
DA:214,0
DA:217,0
DA:220,0
FN:227,DummyToken.burn
FNDA:0,DummyToken.burn
DA:232,0
DA:235,0
DA:238,0
FN:245,DummyToken._msgSender
FNDA:8573,DummyToken._msgSender
DA:250,8573
FN:253,DummyToken.timestamp
FNDA:0,DummyToken.timestamp
DA:258,0
FNF:16
FNH:7
LF:30
LH:14
BRF:2
BRH:0
end_of_record
TN:
SF:contracts/ManagerHelper.sol
FN:33,ManagerHelper._setupAllocations
FNDA:0,ManagerHelper._setupAllocations
DA:36,0
DA:43,0
DA:50,0
DA:57,0
DA:64,0
DA:71,0
DA:78,0
DA:85,0
DA:92,0
DA:99,0
DA:106,0
DA:113,0
DA:120,0
DA:127,0
DA:134,0
DA:141,0
DA:148,0
DA:155,0
DA:162,0
DA:169,0
DA:176,0
DA:183,0
DA:190,0
DA:197,0
DA:204,0
DA:211,0
DA:218,0
DA:225,0
DA:232,0
DA:239,0
DA:246,0
DA:253,0
DA:260,0
DA:267,0
DA:274,0
DA:281,0
DA:288,0
DA:295,0
DA:302,0
DA:309,0
DA:316,0
DA:323,0
DA:330,0
DA:337,0
DA:344,0
DA:351,0
DA:358,0
DA:365,0
DA:372,0
DA:379,0
DA:386,0
DA:393,0
DA:400,0
DA:407,0
DA:414,0
DA:421,0
DA:428,0
DA:435,0
DA:442,0
DA:449,0
DA:456,0
DA:463,0
DA:470,0
DA:477,0
DA:484,0
DA:491,0
DA:498,0
DA:505,0
DA:512,0
DA:519,0
DA:526,0
DA:533,0
DA:540,0
DA:547,0
DA:554,0
DA:561,0
DA:568,0
DA:575,0
DA:582,0
DA:589,0
FN:598,ManagerHelper._pushAllocation
FNDA:0,ManagerHelper._pushAllocation
DA:607,0
DA:616,0
DA:617,0
FN:620,ManagerHelper._pushUniqueAmount
FNDA:0,ManagerHelper._pushUniqueAmount
DA:626,0
FN:634,ManagerHelper._setupAmounts
FNDA:0,ManagerHelper._setupAmounts
DA:637,0
DA:641,0
DA:645,0
DA:649,0
DA:653,0
DA:657,0
DA:661,0
DA:665,0
DA:669,0
DA:673,0
DA:677,0
DA:681,0
DA:685,0
DA:689,0
DA:693,0
DA:697,0
DA:701,0
DA:705,0
DA:709,0
DA:710,0
DA:711,0
FNF:4
FNH:0
LF:105
LH:0
BRF:0
BRH:0
end_of_record
TN:
SF:contracts/ManagerSetup.sol
FN:95,ManagerSetup.setOwner
FNDA:3,ManagerSetup.setOwner
DA:101,3
FN:108,ManagerSetup.setWorker
FNDA:3,ManagerSetup.setWorker
DA:114,3
FN:121,ManagerSetup.setRewardRates
FNDA:13,ManagerSetup.setRewardRates
DA:128,13
FN:138,ManagerSetup.setRewardDuration
FNDA:3,ManagerSetup.setRewardDuration
DA:144,3
FN:153,ManagerSetup.makeDepositForUser
FNDA:1,ManagerSetup.makeDepositForUser
DA:162,1
FN:176,ManagerSetup.executeAllocations
FNDA:52,ManagerSetup.executeAllocations
DA:180,52
BRDA:180,0,0,26
BRDA:180,0,1,26
DA:185,26
DA:187,26
DA:188,26
DA:190,2106
DA:192,2080
DA:196,2080
DA:200,2080
BRDA:200,1,0,-
BRDA:200,1,1,2080
DA:206,2080
FN:211,ManagerSetup._executeAllocation
FNDA:2080,ManagerSetup._executeAllocation
DA:217,2080
BRDA:217,2,0,-
BRDA:217,2,1,2080
DA:219,2080
DA:226,2080
DA:233,2080
DA:236,0
DA:243,0
FN:246,ManagerSetup._preventDuplicate
FNDA:2080,ManagerSetup._preventDuplicate
DA:251,2080
BRDA:251,3,0,-
BRDA:251,3,1,2080
DA:256,2080
FN:259,ManagerSetup.get20Percent
FNDA:0,ManagerSetup.get20Percent
DA:266,2080
FN:269,ManagerSetup.get80Percent
FNDA:0,ManagerSetup.get80Percent
DA:276,2080
FN:279,ManagerSetup.get100Percent
FNDA:0,ManagerSetup.get100Percent
DA:286,0
FN:294,ManagerSetup.recoverTokens
FNDA:0,ManagerSetup.recoverTokens
DA:301,0
FNF:12
FNH:8
LF:26
LH:22
BRF:8
BRH:5
end_of_record
TN:
SF:contracts/PrivateFarm2X.sol
FN:76,PrivateFarm2X._updateUser
FNDA:0,PrivateFarm2X._updateUser
DA:81,0
DA:85,0
DA:89,0
DA:90,0
FN:161,PrivateFarm2X.lastTimeRewardApplicable
FNDA:0,PrivateFarm2X.lastTimeRewardApplicable
DA:166,0
FN:175,PrivateFarm2X.rewardPerTokenA
FNDA:0,PrivateFarm2X.rewardPerTokenA
DA:180,0
BRDA:180,0,0,-
BRDA:180,0,1,-
DA:181,0
DA:184,0
DA:187,0
DA:192,0
FN:200,PrivateFarm2X.rewardPerTokenB
FNDA:0,PrivateFarm2X.rewardPerTokenB
DA:205,0
BRDA:205,1,0,-
BRDA:205,1,1,-
DA:206,0
DA:209,0
DA:212,0
DA:217,0
FN:225,PrivateFarm2X.earnedA
FNDA:0,PrivateFarm2X.earnedA
DA:232,0
DA:235,0
FN:245,PrivateFarm2X.earnedB
FNDA:0,PrivateFarm2X.earnedB
DA:252,0
DA:255,0
FN:263,PrivateFarm2X.makeDepositForUser
FNDA:0,PrivateFarm2X.makeDepositForUser
DA:270,0
FN:276,PrivateFarm2X._farmDeposit
FNDA:0,PrivateFarm2X._farmDeposit
DA:284,0
DA:289,0
DA:296,0
FN:302,PrivateFarm2X.makeDepositForUserBulk
FNDA:0,PrivateFarm2X.makeDepositForUserBulk
DA:309,0
BRDA:309,2,0,-
BRDA:309,2,1,-
DA:314,0
DA:315,0
DA:317,0
DA:319,0
DA:325,0
FN:333,PrivateFarm2X.exitFarm
FNDA:0,PrivateFarm2X.exitFarm
DA:336,0
DA:340,0
DA:344,0
FN:351,PrivateFarm2X.exitFarmForced
FNDA:0,PrivateFarm2X.exitFarmForced
DA:357,0
FN:362,PrivateFarm2X._exitFarmForced
FNDA:0,PrivateFarm2X._exitFarmForced
DA:369,0
DA:373,0
DA:377,0
FN:383,PrivateFarm2X.exitentireFarmForcedBulk
FNDA:0,PrivateFarm2X.exitentireFarmForcedBulk
DA:389,0
DA:390,0
DA:392,0
DA:394,0
DA:399,0
FN:404,PrivateFarm2X.claimReward
FNDA:0,PrivateFarm2X.claimReward
DA:409,0
FN:414,PrivateFarm2X.farmWithdraw
FNDA:0,PrivateFarm2X.farmWithdraw
DA:421,0
FN:430,PrivateFarm2X._claimReward
FNDA:0,PrivateFarm2X._claimReward
DA:439,0
DA:443,0
DA:447,0
BRDA:447,3,0,-
BRDA:447,3,1,-
DA:452,0
DA:456,0
DA:460,0
BRDA:460,4,0,-
BRDA:460,4,1,-
DA:461,0
DA:468,0
BRDA:468,5,0,-
BRDA:468,5,1,-
DA:469,0
DA:476,0
FN:486,PrivateFarm2X._farmWithdraw
FNDA:0,PrivateFarm2X._farmWithdraw
DA:492,0
DA:497,0
DA:503,0
FN:512,PrivateFarm2X.proposeNewOwner
FNDA:0,PrivateFarm2X.proposeNewOwner
DA:518,0
BRDA:518,6,0,-
BRDA:518,6,1,-
DA:519,0
DA:522,0
DA:524,0
FN:532,PrivateFarm2X.claimOwnership
FNDA:0,PrivateFarm2X.claimOwnership
DA:535,0
BRDA:535,7,0,-
BRDA:535,7,1,-
DA:540,0
DA:542,0
FN:550,PrivateFarm2X.changeManager
FNDA:0,PrivateFarm2X.changeManager
DA:556,0
BRDA:556,8,0,-
BRDA:556,8,1,-
DA:557,0
DA:560,0
DA:562,0
FN:572,PrivateFarm2X.recoverTokens
FNDA:0,PrivateFarm2X.recoverTokens
DA:579,0
DA:585,0
FN:595,PrivateFarm2X.setRewardDuration
FNDA:1,PrivateFarm2X.setRewardDuration
DA:601,1
BRDA:601,9,0,-
BRDA:601,9,1,1
DA:606,1
BRDA:606,10,0,-
BRDA:606,10,1,1
DA:611,1
DA:613,1
FN:623,PrivateFarm2X.setRewardRates
FNDA:0,PrivateFarm2X.setRewardRates
DA:631,0
BRDA:631,11,0,-
BRDA:631,11,1,-
DA:636,0
BRDA:636,12,0,-
BRDA:636,12,1,-
DA:641,0
BRDA:641,13,0,-
BRDA:641,13,1,-
DA:646,0
DA:648,0
DA:649,0
DA:652,0
BRDA:652,14,0,-
BRDA:652,14,1,-
DA:654,0
BRDA:654,15,0,-
BRDA:654,15,1,-
DA:659,0
BRDA:659,16,0,-
BRDA:659,16,1,-
DA:664,0
DA:667,0
DA:670,0
DA:673,0
DA:679,0
DA:686,0
DA:687,0
DA:689,0
DA:692,0
DA:695,0
DA:702,0
DA:709,0
FN:720,PrivateFarm2X.transfer
FNDA:0,PrivateFarm2X.transfer
DA:730,0
DA:736,0
FN:742,PrivateFarm2X.transferFrom
FNDA:0,PrivateFarm2X.transferFrom
DA:753,0
BRDA:753,17,0,-
BRDA:753,17,1,-
DA:754,0
DA:757,0
DA:763,0
FNF:25
FNH:1
LF:100
LH:4
BRF:36
BRH:2
end_of_record
TN:
SF:contracts/SafeERC20.sol
FN:12,SafeERC20.safeTransfer
FNDA:124,SafeERC20.safeTransfer
DA:19,124
FN:32,SafeERC20.safeTransferFrom
FNDA:4179,SafeERC20.safeTransferFrom
DA:40,4179
FN:51,SafeERC20.callOptionalReturn
FNDA:4303,SafeERC20.callOptionalReturn
DA:57,4303
DA:60,4303
DA:62,4303
BRDA:62,0,0,-
BRDA:62,0,1,4303
DA:67,4303
BRDA:67,1,0,-
BRDA:67,1,1,4303
DA:68,4303
BRDA:68,2,0,-
BRDA:68,2,1,4303
FNF:3
FNH:3
LF:7
LH:7
BRF:6
BRH:3
end_of_record
TN:
SF:contracts/Scripts/Deployer.s.sol
FN:10,DeployTestToken.setUp
FNDA:0,DeployTestToken.setUp
FN:12,DeployTestToken.run
FNDA:0,DeployTestToken.run
DA:14,0
DA:18,0
DA:20,0
DA:25,0
FNF:2
FNH:0
LF:4
LH:0
BRF:0
BRH:0
end_of_record
TN:
SF:contracts/SimpleFarm.sol
FN:124,SimpleFarm.lastTimeRewardApplicable
FNDA:0,SimpleFarm.lastTimeRewardApplicable
DA:129,0
FN:137,SimpleFarm.rewardPerToken
FNDA:0,SimpleFarm.rewardPerToken
DA:142,0
BRDA:142,0,0,-
BRDA:142,0,1,-
DA:143,0
DA:146,0
DA:149,0
DA:154,0
FN:161,SimpleFarm.earned
FNDA:0,SimpleFarm.earned
DA:168,0
DA:171,0
FN:180,SimpleFarm.farmDeposit
FNDA:0,SimpleFarm.farmDeposit
DA:187,0
DA:189,0
DA:194,0
DA:201,0
FN:210,SimpleFarm.farmWithdraw
FNDA:0,SimpleFarm.farmWithdraw
DA:217,0
BRDA:217,1,0,-
BRDA:217,1,1,-
DA:218,0
BRDA:218,2,0,-
BRDA:218,2,1,-
DA:224,0
DA:226,0
DA:231,0
DA:237,0
FN:246,SimpleFarm.exitFarm
FNDA:0,SimpleFarm.exitFarm
DA:249,0
DA:253,0
DA:257,0
FN:263,SimpleFarm.claimReward
FNDA:0,SimpleFarm.claimReward
DA:269,0
DA:271,0
DA:275,0
BRDA:275,3,0,-
BRDA:275,3,1,-
DA:280,0
DA:282,0
DA:288,0
FN:297,SimpleFarm.proposeNewOwner
FNDA:0,SimpleFarm.proposeNewOwner
DA:303,0
BRDA:303,4,0,-
BRDA:303,4,1,-
DA:304,0
DA:307,0
DA:309,0
FN:317,SimpleFarm.claimOwnership
FNDA:0,SimpleFarm.claimOwnership
DA:320,0
BRDA:320,5,0,-
BRDA:320,5,1,-
DA:325,0
DA:327,0
FN:335,SimpleFarm.changeManager
FNDA:0,SimpleFarm.changeManager
DA:341,0
BRDA:341,6,0,-
BRDA:341,6,1,-
DA:342,0
DA:345,0
DA:347,0
FN:356,SimpleFarm.recoverToken
FNDA:0,SimpleFarm.recoverToken
DA:362,0
BRDA:362,7,0,-
BRDA:362,7,1,-
DA:363,0
DA:366,0
BRDA:366,8,0,-
BRDA:366,8,1,-
DA:367,0
DA:370,0
DA:376,0
FN:386,SimpleFarm.setRewardDuration
FNDA:0,SimpleFarm.setRewardDuration
DA:392,0
BRDA:392,9,0,-
BRDA:392,9,1,-
DA:397,0
BRDA:397,10,0,-
BRDA:397,10,1,-
DA:402,0
DA:404,0
FN:414,SimpleFarm.setRewardRate
FNDA:0,SimpleFarm.setRewardRate
DA:421,0
BRDA:421,11,0,-
BRDA:421,11,1,-
DA:426,0
BRDA:426,12,0,-
BRDA:426,12,1,-
DA:431,0
DA:433,0
DA:434,0
DA:437,0
BRDA:437,13,0,-
BRDA:437,13,1,-
DA:439,0
BRDA:439,14,0,-
BRDA:439,14,1,-
DA:444,0
DA:447,0
DA:450,0
DA:457,0
DA:459,0
DA:462,0
DA:469,0
FN:478,SimpleFarm.transfer
FNDA:0,SimpleFarm.transfer
DA:488,0
DA:494,0
FN:500,SimpleFarm.transferFrom
FNDA:0,SimpleFarm.transferFrom
DA:511,0
BRDA:511,15,0,-
BRDA:511,15,1,-
DA:512,0
DA:515,0
DA:521,0
FNF:15
FNH:0
LF:68
LH:0
BRF:32
BRH:0
end_of_record
TN:
SF:contracts/SimpleFarm2X.sol
FN:158,SimpleFarm2X.lastTimeRewardApplicable
FNDA:0,SimpleFarm2X.lastTimeRewardApplicable
DA:163,0
FN:171,SimpleFarm2X.rewardPerTokenA
FNDA:0,SimpleFarm2X.rewardPerTokenA
DA:176,0
BRDA:176,0,0,-
BRDA:176,0,1,-
DA:177,0
DA:180,0
DA:183,0
DA:188,0
FN:195,SimpleFarm2X.rewardPerTokenB
FNDA:0,SimpleFarm2X.rewardPerTokenB
DA:200,0
BRDA:200,1,0,-
BRDA:200,1,1,-
DA:201,0
DA:204,0
DA:207,0
DA:212,0
FN:219,SimpleFarm2X.earnedA
FNDA:0,SimpleFarm2X.earnedA
DA:226,0
DA:229,0
FN:238,SimpleFarm2X.earnedB
FNDA:0,SimpleFarm2X.earnedB
DA:245,0
DA:248,0
FN:257,SimpleFarm2X.farmDeposit
FNDA:0,SimpleFarm2X.farmDeposit
DA:264,0
DA:266,0
DA:271,0
DA:278,0
FN:287,SimpleFarm2X.farmWithdraw
FNDA:0,SimpleFarm2X.farmWithdraw
DA:294,0
BRDA:294,2,0,-
BRDA:294,2,1,-
DA:295,0
BRDA:295,3,0,-
BRDA:295,3,1,-
DA:301,0
DA:303,0
DA:308,0
DA:314,0
FN:323,SimpleFarm2X.exitFarm
FNDA:0,SimpleFarm2X.exitFarm
DA:326,0
DA:330,0
DA:334,0
FN:340,SimpleFarm2X.claimReward
FNDA:0,SimpleFarm2X.claimReward
DA:346,0
DA:348,0
DA:352,0
DA:356,0
BRDA:356,4,0,-
BRDA:356,4,1,-
DA:361,0
DA:362,0
DA:364,0
BRDA:364,5,0,-
BRDA:364,5,1,-
DA:365,0
DA:372,0
BRDA:372,6,0,-
BRDA:372,6,1,-
DA:373,0
DA:380,0
FN:390,SimpleFarm2X.proposeNewOwner
FNDA:0,SimpleFarm2X.proposeNewOwner
DA:396,0
BRDA:396,7,0,-
BRDA:396,7,1,-
DA:397,0
DA:400,0
DA:402,0
FN:410,SimpleFarm2X.claimOwnership
FNDA:0,SimpleFarm2X.claimOwnership
DA:413,0
BRDA:413,8,0,-
BRDA:413,8,1,-
DA:418,0
DA:420,0
FN:428,SimpleFarm2X.changeManager
FNDA:0,SimpleFarm2X.changeManager
DA:434,0
BRDA:434,9,0,-
BRDA:434,9,1,-
DA:435,0
DA:438,0
DA:440,0
FN:449,SimpleFarm2X.recoverToken
FNDA:0,SimpleFarm2X.recoverToken
DA:455,0
BRDA:455,10,0,-
BRDA:455,10,1,-
DA:456,0
DA:459,0
BRDA:459,11,0,-
BRDA:459,11,1,-
DA:460,0
DA:463,0
BRDA:463,12,0,-
BRDA:463,12,1,-
DA:464,0
DA:467,0
DA:473,0
FN:483,SimpleFarm2X.setRewardDuration
FNDA:0,SimpleFarm2X.setRewardDuration
DA:489,0
BRDA:489,13,0,-
BRDA:489,13,1,-
DA:494,0
BRDA:494,14,0,-
BRDA:494,14,1,-
DA:499,0
DA:501,0
FN:511,SimpleFarm2X.setRewardRate
FNDA:0,SimpleFarm2X.setRewardRate
DA:519,0
BRDA:519,15,0,-
BRDA:519,15,1,-
DA:524,0
BRDA:524,16,0,-
BRDA:524,16,1,-
DA:529,0
BRDA:529,17,0,-
BRDA:529,17,1,-
DA:534,0
DA:536,0
DA:537,0
DA:540,0
BRDA:540,18,0,-
BRDA:540,18,1,-
DA:542,0
BRDA:542,19,0,-
BRDA:542,19,1,-
DA:547,0
BRDA:547,20,0,-
BRDA:547,20,1,-
DA:552,0
DA:555,0
DA:558,0
DA:561,0
DA:567,0
DA:574,0
DA:575,0
DA:577,0
DA:580,0
DA:583,0
DA:590,0
DA:597,0
FN:608,SimpleFarm2X.transfer
FNDA:0,SimpleFarm2X.transfer
DA:618,0
DA:624,0
FN:630,SimpleFarm2X.transferFrom
FNDA:0,SimpleFarm2X.transferFrom
DA:641,0
BRDA:641,21,0,-
BRDA:641,21,1,-
DA:642,0
DA:645,0
DA:651,0
FNF:17
FNH:0
LF:89
LH:0
BRF:44
BRH:0
end_of_record
TN:
SF:contracts/SimpleManager.sol
FN:66,SimpleManager.changeWorker
FNDA:0,SimpleManager.changeWorker
DA:72,0
FN:75,SimpleManager.updateRatesF2
FNDA:0,SimpleManager.updateRatesF2
DA:84,0
DA:85,0
DA:87,0
DA:88,0
DA:90,0
DA:91,0
DA:93,0
FN:99,SimpleManager.updateRatesF3
FNDA:0,SimpleManager.updateRatesF3
DA:110,0
DA:111,0
DA:113,0
DA:114,0
DA:115,0
DA:117,0
DA:118,0
DA:119,0
DA:121,0
FN:127,SimpleManager.updateRatesF4
FNDA:0,SimpleManager.updateRatesF4
DA:140,0
DA:141,0
DA:143,0
DA:144,0
DA:145,0
DA:146,0
DA:148,0
DA:149,0
DA:150,0
DA:151,0
DA:153,0
FN:159,SimpleManager.updateRatesF5
FNDA:0,SimpleManager.updateRatesF5
DA:174,0
DA:175,0
DA:177,0
DA:178,0
DA:179,0
DA:180,0
DA:181,0
DA:183,0
DA:184,0
DA:185,0
DA:186,0
DA:187,0
DA:189,0
FN:195,SimpleManager.manageRates
FNDA:0,SimpleManager.manageRates
DA:202,0
FN:208,SimpleManager._manageRates
FNDA:0,SimpleManager._manageRates
DA:214,0
DA:216,0
DA:220,0
DA:221,0
DA:223,0
DA:228,0
FN:234,SimpleManager.recoverToken
FNDA:0,SimpleManager.recoverToken
DA:240,0
FNF:8
FNH:0
LF:49
LH:0
BRF:0
BRH:0
end_of_record
TN:
SF:contracts/TestToken.sol
FN:35,TestToken.name
FNDA:0,TestToken.name
DA:40,0
FN:43,TestToken.symbol
FNDA:0,TestToken.symbol
DA:48,0
FN:51,TestToken.decimals
FNDA:0,TestToken.decimals
DA:56,0
FN:59,TestToken.totalSupply
FNDA:0,TestToken.totalSupply
DA:64,0
FN:67,TestToken.balanceOf
FNDA:0,TestToken.balanceOf
DA:74,0
FN:77,TestToken.transfer
FNDA:0,TestToken.transfer
DA:84,0
DA:90,0
FN:93,TestToken._transfer
FNDA:0,TestToken._transfer
DA:100,0
DA:103,0
DA:106,0
FN:113,TestToken.transferFrom
FNDA:0,TestToken.transferFrom
DA:121,0
DA:127,0
DA:133,0
FN:136,TestToken.allowance
FNDA:0,TestToken.allowance
DA:144,0
FN:147,TestToken.approve
FNDA:0,TestToken.approve
DA:154,0
DA:160,0
FN:163,TestToken._approve
FNDA:0,TestToken._approve
DA:170,0
DA:172,0
FN:179,TestToken.mint
FNDA:0,TestToken.mint
DA:184,0
DA:187,0
DA:190,0
FN:197,TestToken.mintByMaster
FNDA:0,TestToken.mintByMaster
DA:203,0
BRDA:203,0,0,-
BRDA:203,0,1,-
DA:208,0
DA:211,0
DA:214,0
FN:221,TestToken.burn
FNDA:0,TestToken.burn
DA:226,0
DA:229,0
DA:232,0
FN:239,TestToken._msgSender
FNDA:0,TestToken._msgSender
DA:244,0
FN:247,TestToken.timestamp
FNDA:0,TestToken.timestamp
DA:252,0
FNF:16
FNH:0
LF:30
LH:0
BRF:2
BRH:0
end_of_record
TN:
SF:contracts/TimeLockFarm.sol
FN:125,TimeLockFarm.lastTimeRewardApplicable
FNDA:0,TimeLockFarm.lastTimeRewardApplicable
DA:130,0
FN:138,TimeLockFarm.rewardPerToken
FNDA:0,TimeLockFarm.rewardPerToken
DA:143,0
BRDA:143,0,0,-
BRDA:143,0,1,-
DA:144,0
DA:147,0
DA:150,0
DA:155,0
FN:162,TimeLockFarm.earned
FNDA:0,TimeLockFarm.earned
DA:169,0
DA:172,0
FN:181,TimeLockFarm.farmDeposit
FNDA:0,TimeLockFarm.farmDeposit
DA:188,0
DA:190,0
DA:195,0
DA:198,0
DA:205,0
FN:214,TimeLockFarm.farmWithdraw
FNDA:0,TimeLockFarm.farmWithdraw
DA:221,0
BRDA:221,1,0,-
BRDA:221,1,1,-
DA:222,0
BRDA:222,2,0,-
BRDA:222,2,1,-
DA:228,0
DA:230,0
BRDA:230,3,0,-
BRDA:230,3,1,-
DA:231,0
DA:236,0
DA:241,0
DA:247,0
FN:256,TimeLockFarm.tokensLocked
FNDA:0,TimeLockFarm.tokensLocked
DA:263,0
FN:269,TimeLockFarm.exitFarm
FNDA:0,TimeLockFarm.exitFarm
DA:272,0
DA:278,0
FN:284,TimeLockFarm.claimReward
FNDA:0,TimeLockFarm.claimReward
DA:290,0
DA:292,0
DA:296,0
BRDA:296,4,0,-
BRDA:296,4,1,-
DA:301,0
DA:303,0
DA:309,0
FN:318,TimeLockFarm.changeManager
FNDA:0,TimeLockFarm.changeManager
DA:324,0
BRDA:324,5,0,-
BRDA:324,5,1,-
DA:325,0
DA:328,0
DA:330,0
FN:339,TimeLockFarm.recoverToken
FNDA:0,TimeLockFarm.recoverToken
DA:345,0
BRDA:345,6,0,-
BRDA:345,6,1,-
DA:346,0
DA:349,0
BRDA:349,7,0,-
BRDA:349,7,1,-
DA:350,0
DA:353,0
DA:359,0
FN:369,TimeLockFarm.setRewardDuration
FNDA:0,TimeLockFarm.setRewardDuration
DA:375,0
BRDA:375,8,0,-
BRDA:375,8,1,-
DA:380,0
BRDA:380,9,0,-
BRDA:380,9,1,-
DA:385,0
DA:387,0
FN:397,TimeLockFarm.setRewardRate
FNDA:0,TimeLockFarm.setRewardRate
DA:404,0
BRDA:404,10,0,-
BRDA:404,10,1,-
DA:409,0
BRDA:409,11,0,-
BRDA:409,11,1,-
DA:414,0
DA:416,0
DA:417,0
DA:420,0
BRDA:420,12,0,-
BRDA:420,12,1,-
DA:422,0
BRDA:422,13,0,-
BRDA:422,13,1,-
DA:427,0
DA:430,0
DA:433,0
DA:440,0
DA:442,0
DA:445,0
DA:452,0
FN:461,TimeLockFarm.transfer
FNDA:0,TimeLockFarm.transfer
DA:471,0
BRDA:471,14,0,-
BRDA:471,14,1,-
DA:472,0
DA:477,0
DA:483,0
FN:489,TimeLockFarm.transferFrom
FNDA:0,TimeLockFarm.transferFrom
DA:500,0
BRDA:500,15,0,-
BRDA:500,15,1,-
DA:501,0
DA:504,0
BRDA:504,16,0,-
BRDA:504,16,1,-
DA:505,0
DA:510,0
DA:516,0
FNF:14
FNH:0
LF:68
LH:0
BRF:34
BRH:0
end_of_record
TN:
SF:contracts/TimeLockFarmV2.sol
FN:127,TimeLockFarmV2.lastTimeRewardApplicable
FNDA:0,TimeLockFarmV2.lastTimeRewardApplicable
DA:132,0
FN:140,TimeLockFarmV2.rewardPerToken
FNDA:0,TimeLockFarmV2.rewardPerToken
DA:145,0
BRDA:145,0,0,-
BRDA:145,0,1,-
DA:146,0
DA:149,0
DA:152,0
DA:157,0
FN:164,TimeLockFarmV2.earned
FNDA:0,TimeLockFarmV2.earned
DA:171,0
DA:174,0
FN:183,TimeLockFarmV2.stakeCount
FNDA:0,TimeLockFarmV2.stakeCount
DA:190,0
DA:194,0
FN:201,TimeLockFarmV2.unlockable
FNDA:0,TimeLockFarmV2.unlockable
DA:208,0
DA:212,0
DA:214,0
DA:215,0
BRDA:215,1,0,-
BRDA:215,1,1,-
DA:216,0
FN:223,TimeLockFarmV2.farmDeposit
FNDA:0,TimeLockFarmV2.farmDeposit
DA:230,0
DA:232,0
DA:237,0
DA:244,0
DA:251,0
FN:260,TimeLockFarmV2.farmWithdraw
FNDA:0,TimeLockFarmV2.farmWithdraw
DA:267,0
BRDA:267,2,0,-
BRDA:267,2,1,-
DA:268,0
BRDA:268,3,0,-
BRDA:268,3,1,-
DA:274,0
DA:276,0
DA:281,0
DA:286,0
DA:292,0
FN:301,TimeLockFarmV2.exitFarm
FNDA:0,TimeLockFarmV2.exitFarm
DA:304,0
DA:310,0
FN:316,TimeLockFarmV2.claimReward
FNDA:0,TimeLockFarmV2.claimReward
DA:322,0
DA:324,0
DA:328,0
BRDA:328,4,0,-
BRDA:328,4,1,-
DA:333,0
DA:335,0
DA:341,0
FN:350,TimeLockFarmV2.changeManager
FNDA:0,TimeLockFarmV2.changeManager
DA:356,0
BRDA:356,5,0,-
BRDA:356,5,1,-
DA:357,0
DA:360,0
DA:362,0
FN:371,TimeLockFarmV2.recoverToken
FNDA:0,TimeLockFarmV2.recoverToken
DA:377,0
BRDA:377,6,0,-
BRDA:377,6,1,-
DA:378,0
DA:381,0
BRDA:381,7,0,-
BRDA:381,7,1,-
DA:382,0
DA:385,0
DA:391,0
FN:401,TimeLockFarmV2.setRewardDuration
FNDA:0,TimeLockFarmV2.setRewardDuration
DA:407,0
BRDA:407,8,0,-
BRDA:407,8,1,-
DA:412,0
BRDA:412,9,0,-
BRDA:412,9,1,-
DA:417,0
DA:419,0
FN:429,TimeLockFarmV2.setRewardRate
FNDA:0,TimeLockFarmV2.setRewardRate
DA:436,0
BRDA:436,10,0,-
BRDA:436,10,1,-
DA:441,0
BRDA:441,11,0,-
BRDA:441,11,1,-
DA:446,0
DA:448,0
DA:449,0
DA:452,0
BRDA:452,12,0,-
BRDA:452,12,1,-
DA:454,0
BRDA:454,13,0,-
BRDA:454,13,1,-
DA:459,0
DA:462,0
DA:465,0
DA:472,0
DA:474,0
DA:477,0
DA:484,0
FN:490,TimeLockFarmV2._unlock
FNDA:0,TimeLockFarmV2._unlock
DA:496,0
DA:500,0
DA:501,0
DA:503,0
DA:505,0
DA:507,0
BRDA:507,14,0,-
BRDA:507,14,1,-
DA:508,0
DA:509,0
DA:512,0
DA:513,0
DA:515,0
DA:519,0
DA:520,0
DA:522,0
BRDA:522,15,0,-
BRDA:522,15,1,-
DA:523,0
BRDA:523,16,0,-
BRDA:523,16,1,-
DA:524,0
DA:528,0
DA:529,0
BRDA:529,17,0,-
BRDA:529,17,1,-
DA:530,0
DA:533,0
DA:536,0
BRDA:536,18,0,-
BRDA:536,18,1,-
DA:537,0
DA:541,0
BRDA:541,19,0,-
BRDA:541,19,1,-
FN:550,TimeLockFarmV2.transfer
FNDA:0,TimeLockFarmV2.transfer
DA:560,0
DA:565,0
DA:572,0
DA:578,0
FN:584,TimeLockFarmV2.transferFrom
FNDA:0,TimeLockFarmV2.transferFrom
DA:595,0
BRDA:595,20,0,-
BRDA:595,20,1,-
DA:596,0
DA:599,0
DA:604,0
DA:611,0
DA:617,0
FNF:16
FNH:0
LF:96
LH:0
BRF:42
BRH:0
end_of_record
TN:
SF:contracts/TimeLockFarmV2Dual.sol
FN:93,TimeLockFarmV2Dual._updateUser
FNDA:4390,TimeLockFarmV2Dual._updateUser
DA:98,4390
DA:102,4390
DA:106,4390
DA:107,4390
FN:182,TimeLockFarmV2Dual.lastTimeRewardApplicable
FNDA:2,TimeLockFarmV2Dual.lastTimeRewardApplicable
DA:187,22122
FN:195,TimeLockFarmV2Dual.rewardPerTokenA
FNDA:2,TimeLockFarmV2Dual.rewardPerTokenA
DA:200,8926
BRDA:200,0,0,78
BRDA:200,0,1,8848
DA:201,78
DA:204,8848
DA:207,8848
DA:208,8848
DA:212,8848
DA:217,8848
FN:224,TimeLockFarmV2Dual.rewardPerTokenB
FNDA:2,TimeLockFarmV2Dual.rewardPerTokenB
DA:229,8926
BRDA:229,1,0,78
BRDA:229,1,1,8848
DA:230,78
DA:233,8848
DA:236,8848
DA:237,8848
DA:241,8848
DA:246,8848
FN:254,TimeLockFarmV2Dual.earnedA
FNDA:5,TimeLockFarmV2Dual.earnedA
DA:261,4500
DA:264,4500
FN:274,TimeLockFarmV2Dual.earnedB
FNDA:5,TimeLockFarmV2Dual.earnedB
DA:281,4500
DA:284,4500
FN:293,TimeLockFarmV2Dual.stakeCount
FNDA:17,TimeLockFarmV2Dual.stakeCount
DA:300,17
DA:304,17
FN:311,TimeLockFarmV2Dual.unlockable
FNDA:175,TimeLockFarmV2Dual.unlockable
DA:318,9279
DA:322,9279
DA:323,9279
DA:325,15197
DA:326,5918
DA:330,5918
FN:340,TimeLockFarmV2Dual.makeDepositForUser
FNDA:4166,TimeLockFarmV2Dual.makeDepositForUser
DA:351,4166
DA:356,4166
BRDA:356,2,0,1
BRDA:356,2,1,4165
DA:357,1
DA:360,4165
BRDA:360,3,0,2
BRDA:360,3,1,4165
DA:361,2
DA:364,4165
DA:365,4165
DA:368,4165
DA:376,4165
BRDA:376,4,0,2085
BRDA:376,4,1,4165
DA:377,2085
DA:384,4165
DA:391,4165
FN:398,TimeLockFarmV2Dual._storeUnlockRates
FNDA:2085,TimeLockFarmV2Dual._storeUnlockRates
DA:405,2085
BRDA:405,5,0,31
BRDA:405,5,1,2085
DA:406,31
DA:411,2085
DA:414,2085
FN:423,TimeLockFarmV2Dual.globalLocked
FNDA:12,TimeLockFarmV2Dual.globalLocked
DA:430,17708
DA:431,17708
DA:433,17708
DA:434,17708
DA:435,17708
DA:437,35324
DA:439,17616
DA:441,17616
BRDA:441,6,0,17394
BRDA:441,6,1,17616
DA:442,17616
DA:445,17394
DA:448,17394
DA:452,17394
FN:463,TimeLockFarmV2Dual.clearPastStamps
FNDA:6,TimeLockFarmV2Dual.clearPastStamps
DA:467,6
DA:468,6
DA:470,9
DA:473,3
DA:476,3
BRDA:476,7,0,-
BRDA:476,7,1,2
DA:479,2
DA:484,2
BRDA:484,8,0,-
BRDA:484,8,1,1
DA:485,1
DA:491,2
DA:495,3
FN:500,TimeLockFarmV2Dual.getStampsLength
FNDA:3,TimeLockFarmV2Dual.getStampsLength
DA:505,3
FN:512,TimeLockFarmV2Dual.destroyStaker
FNDA:7,TimeLockFarmV2Dual.destroyStaker
DA:522,7
BRDA:522,9,0,4
BRDA:522,9,1,3
DA:527,3
BRDA:527,10,0,2
BRDA:527,10,1,3
DA:528,2
DA:536,3
BRDA:536,11,0,2
BRDA:536,11,1,1
DA:537,2
DA:541,1
DA:546,3
DA:547,3
DA:549,7
DA:550,4
DA:553,3
FN:560,TimeLockFarmV2Dual._takeRewards
FNDA:1,TimeLockFarmV2Dual._takeRewards
DA:565,1
DA:569,1
DA:573,1
DA:577,1
FN:582,TimeLockFarmV2Dual.protectStaker
FNDA:1,TimeLockFarmV2Dual.protectStaker
DA:588,1
FN:594,TimeLockFarmV2Dual.farmWithdraw
FNDA:2,TimeLockFarmV2Dual.farmWithdraw
DA:601,104
FN:610,TimeLockFarmV2Dual._farmWithdraw
FNDA:106,TimeLockFarmV2Dual._farmWithdraw
DA:616,106
DA:621,106
DA:626,106
DA:632,106
FN:641,TimeLockFarmV2Dual.exitFarm
FNDA:102,TimeLockFarmV2Dual.exitFarm
DA:644,102
DA:646,102
FN:653,TimeLockFarmV2Dual.claimReward
FNDA:1,TimeLockFarmV2Dual.claimReward
DA:658,103
FN:666,TimeLockFarmV2Dual._claimReward
FNDA:105,TimeLockFarmV2Dual._claimReward
DA:675,105
DA:679,105
DA:683,105
BRDA:683,12,0,101
BRDA:683,12,1,4
DA:684,101
DA:687,4
DA:691,4
DA:695,4
BRDA:695,13,0,4
BRDA:695,13,1,4
DA:696,4
DA:703,4
BRDA:703,14,0,4
BRDA:703,14,1,4
DA:704,4
DA:711,4
FN:721,TimeLockFarmV2Dual.proposeNewOwner
FNDA:3,TimeLockFarmV2Dual.proposeNewOwner
DA:727,2
BRDA:727,15,0,1
BRDA:727,15,1,1
DA:728,1
DA:731,1
DA:733,1
FN:741,TimeLockFarmV2Dual.claimOwnership
FNDA:2,TimeLockFarmV2Dual.claimOwnership
DA:744,2
BRDA:744,16,0,1
BRDA:744,16,1,1
DA:749,1
DA:751,1
FN:759,TimeLockFarmV2Dual.renounceOwnership
FNDA:2,TimeLockFarmV2Dual.renounceOwnership
DA:763,1
FN:769,TimeLockFarmV2Dual.changeManager
FNDA:33,TimeLockFarmV2Dual.changeManager
DA:775,32
BRDA:775,17,0,1
BRDA:775,17,1,31
DA:776,1
DA:779,31
DA:781,31
FN:791,TimeLockFarmV2Dual.recoverTokens
FNDA:5,TimeLockFarmV2Dual.recoverTokens
DA:798,4
DA:804,4
DA:809,4
BRDA:809,18,0,2
BRDA:809,18,1,2
DA:810,4
DA:813,2
BRDA:813,19,0,1
BRDA:813,19,1,1
DA:814,1
DA:817,1
BRDA:817,20,0,1
BRDA:817,20,1,-
DA:818,1
FN:827,TimeLockFarmV2Dual.renounceRewardTokenRecovery
FNDA:1,TimeLockFarmV2Dual.renounceRewardTokenRecovery
DA:831,1
FN:838,TimeLockFarmV2Dual.setRewardDuration
FNDA:5,TimeLockFarmV2Dual.setRewardDuration
DA:844,5
BRDA:844,21,0,1
BRDA:844,21,1,4
DA:849,4
BRDA:849,22,0,-
BRDA:849,22,1,4
DA:854,4
DA:856,4
FN:866,TimeLockFarmV2Dual.setRewardRates
FNDA:39,TimeLockFarmV2Dual.setRewardRates
DA:874,39
BRDA:874,23,0,26
BRDA:874,23,1,13
DA:879,13
BRDA:879,24,0,3
BRDA:879,24,1,10
DA:884,10
BRDA:884,25,0,3
BRDA:884,25,1,7
DA:889,7
DA:891,7
DA:892,7
DA:895,7
BRDA:895,26,0,3
BRDA:895,26,1,7
DA:897,3
DA:900,3
DA:903,3
DA:906,3
DA:912,3
DA:919,7
DA:920,7
DA:922,7
DA:925,7
DA:928,7
DA:935,7
DA:942,7
FN:950,TimeLockFarmV2Dual._unlock
FNDA:112,TimeLockFarmV2Dual._unlock
DA:956,112
DA:960,112
DA:961,112
DA:963,212
DA:965,207
DA:967,207
DA:971,207
BRDA:971,27,0,89
BRDA:971,27,1,100
DA:973,207
DA:976,207
DA:980,207
DA:981,207
DA:983,207
BRDA:983,28,0,18
BRDA:983,28,1,100
DA:984,118
BRDA:984,29,0,-
BRDA:984,29,1,100
DA:985,100
DA:989,118
DA:990,118
BRDA:990,30,0,18
BRDA:990,30,1,100
DA:991,18
DA:994,89
DA:995,89
DA:997,189
BRDA:997,31,0,89
BRDA:997,31,1,100
DA:998,89
DA:1001,0
DA:1004,100
BRDA:1004,32,0,-
BRDA:1004,32,1,100
DA:1005,0
DA:1009,23
BRDA:1009,33,0,-
BRDA:1009,33,1,23
FN:1015,TimeLockFarmV2Dual._calculateUnlockableAmount
FNDA:6125,TimeLockFarmV2Dual._calculateUnlockableAmount
DA:1022,6125
BRDA:1022,34,0,5238
BRDA:1022,34,1,887
DA:1023,5238
DA:1026,887
DA:1029,887
DA:1032,887
DA:1036,887
FN:1042,TimeLockFarmV2Dual.transfer
FNDA:3,TimeLockFarmV2Dual.transfer
DA:1052,3
BRDA:1052,35,0,1
BRDA:1052,35,1,2
DA:1057,2
DA:1063,2
FN:1069,TimeLockFarmV2Dual.transferFrom
FNDA:2,TimeLockFarmV2Dual.transferFrom
DA:1080,2
BRDA:1080,36,0,1
BRDA:1080,36,1,1
DA:1085,1
BRDA:1085,37,0,1
BRDA:1085,37,1,1
DA:1086,1
DA:1089,1
DA:1095,1
FN:1098,TimeLockFarmV2Dual.setAllowTransfer
FNDA:4,TimeLockFarmV2Dual.setAllowTransfer
DA:1104,4
FN:1107,TimeLockFarmV2Dual._unlockAndTransfer
FNDA:6,TimeLockFarmV2Dual._unlockAndTransfer
DA:1114,6
DA:1119,6
DA:1127,6
FNF:35
FNH:35
LF:192
LH:190
BRF:76
BRH:69
end_of_record
TN:
SF:contracts/TokenWrapper.sol
FN:38,TokenWrapper.totalSupply
FNDA:0,TokenWrapper.totalSupply
DA:43,0
FN:49,TokenWrapper.totalSupplySQR
FNDA:0,TokenWrapper.totalSupplySQR
DA:54,0
FN:60,TokenWrapper.balanceOf
FNDA:194,TokenWrapper.balanceOf
DA:67,194
FN:73,TokenWrapper._stake
FNDA:4166,TokenWrapper._stake
DA:79,4166
DA:82,4166
DA:88,4166
DA:92,4166
FN:102,TokenWrapper._withdraw
FNDA:106,TokenWrapper._withdraw
DA:109,106
DA:112,106
DA:118,106
DA:121,106
FN:131,TokenWrapper._transfer
FNDA:6,TokenWrapper._transfer
DA:138,6
DA:142,6
DA:146,6
FN:156,TokenWrapper.approve
FNDA:1,TokenWrapper.approve
DA:163,1
DA:169,1
FN:175,TokenWrapper.allowance
FNDA:0,TokenWrapper.allowance
DA:183,0
FN:189,TokenWrapper._approve
FNDA:1,TokenWrapper._approve
DA:196,1
DA:198,1
FN:208,TokenWrapper.increaseAllowance
FNDA:0,TokenWrapper.increaseAllowance
DA:215,0
DA:221,0
FN:227,TokenWrapper.decreaseAllowance
FNDA:0,TokenWrapper.decreaseAllowance
DA:234,0
DA:240,0
FNF:11
FNH:6
LF:23
LH:16
BRF:0
BRH:0
end_of_record
TN:
SF:script/Counter.s.sol
FN:7,CounterScript.setUp
FNDA:0,CounterScript.setUp
FN:9,CounterScript.run
FNDA:0,CounterScript.run
DA:10,0
FNF:2
FNH:0
LF:1
LH:0
BRF:0
BRH:0
end_of_record
